<?xml version="1.0" encoding="UTF-8"?>
<testng-results ignored="0" total="1" passed="1" failed="0" skipped="0">
  <reporter-output>
  </reporter-output>
  <suite started-at="2023-07-06T23:34:57 IST" name="Default suite" finished-at="2023-07-06T23:35:40 IST" duration-ms="43286">
    <groups>
    </groups>
    <test started-at="2023-07-06T23:34:57 IST" name="Default test" finished-at="2023-07-06T23:35:40 IST" duration-ms="43286">
      <class name="readDataFromProperties.LaunchTajWebPageByReadingDataFromPropertiesFileTest">
        <test-method signature="readDataFromPropertiesFileMethodTest()[pri:0, instance:readDataFromProperties.LaunchTajWebPageByReadingDataFromPropertiesFileTest@bd4dc25]" started-at="2023-07-06T23:34:57 IST" name="readDataFromPropertiesFileMethodTest" finished-at="2023-07-06T23:35:40 IST" duration-ms="43212" status="PASS">
          <reporter-output>
          </reporter-output>
        </test-method> <!-- readDataFromPropertiesFileMethodTest -->
      </class> <!-- readDataFromProperties.LaunchTajWebPageByReadingDataFromPropertiesFileTest -->
    </test> <!-- Default test -->
  </suite> <!-- Default suite -->
</testng-results>
